Replace Part ATMEGA328P-AU Component_1 in C:\Users\Public\Documents\Altium\project111\Sheet1.SchDoc with Component_1 from Schlib1.SchLib
Replace Part C1 Cap in C:\Users\Public\Documents\Altium\project111\Sheet1.SchDoc with Cap from Miscellaneous Devices.IntLib
Replace Part C2 Cap in C:\Users\Public\Documents\Altium\project111\Sheet1.SchDoc with Cap from Miscellaneous Devices.IntLib
Replace Part C3 Cap in C:\Users\Public\Documents\Altium\project111\Sheet1.SchDoc with Cap from Miscellaneous Devices.IntLib
Replace Part C4 Cap in C:\Users\Public\Documents\Altium\project111\Sheet1.SchDoc with Cap from Miscellaneous Devices.IntLib
Replace Part C5 Cap in C:\Users\Public\Documents\Altium\project111\Sheet1.SchDoc with Cap from Miscellaneous Devices.IntLib
Replace Part C6 Cap in C:\Users\Public\Documents\Altium\project111\Sheet1.SchDoc with Cap from Miscellaneous Devices.IntLib
Replace Part C7 Cap in C:\Users\Public\Documents\Altium\project111\Sheet1.SchDoc with Cap from Miscellaneous Devices.IntLib
Replace Part C8 Cap in C:\Users\Public\Documents\Altium\project111\Sheet1.SchDoc with Cap from Miscellaneous Devices.IntLib
Replace Part C9 Cap in C:\Users\Public\Documents\Altium\project111\Sheet1.SchDoc with Cap from Miscellaneous Devices.IntLib
Replace Part C10 Cap in C:\Users\Public\Documents\Altium\project111\Sheet1.SchDoc with Cap from Miscellaneous Devices.IntLib
Replace Part C11 Cap in C:\Users\Public\Documents\Altium\project111\Sheet1.SchDoc with Cap from Miscellaneous Devices.IntLib
Replace Part D5 Diode in C:\Users\Public\Documents\Altium\project111\Sheet1.SchDoc with Diode from Miscellaneous Devices.IntLib
Replace Part F1 Fuse 1 in C:\Users\Public\Documents\Altium\project111\Sheet1.SchDoc with Fuse 1 from Miscellaneous Devices.IntLib
Replace Part IC1 Volt Reg in C:\Users\Public\Documents\Altium\project111\Sheet1.SchDoc with Volt Reg from Miscellaneous Devices.IntLib
Replace Part IC2 Component_1 in C:\Users\Public\Documents\Altium\project111\Sheet1.SchDoc with Component_1 from Schlib1.SchLib
Replace Part J2 MHDR2X3 in C:\Users\Public\Documents\Altium\project111\Sheet1.SchDoc with MHDR2X3 from Miscellaneous Connectors.IntLib
Replace Part L1 LED2 in C:\Users\Public\Documents\Altium\project111\Sheet1.SchDoc with LED2 from Miscellaneous Devices.IntLib
Replace Part PWR1 LED2 in C:\Users\Public\Documents\Altium\project111\Sheet1.SchDoc with LED2 from Miscellaneous Devices.IntLib
Replace Part R1 Res2 in C:\Users\Public\Documents\Altium\project111\Sheet1.SchDoc with Res2 from Miscellaneous Devices.IntLib
Replace Part R2 Res2 in C:\Users\Public\Documents\Altium\project111\Sheet1.SchDoc with Res2 from Miscellaneous Devices.IntLib
Replace Part R3 Res2 in C:\Users\Public\Documents\Altium\project111\Sheet1.SchDoc with Res2 from Miscellaneous Devices.IntLib
Replace Part R5 Res2 in C:\Users\Public\Documents\Altium\project111\Sheet1.SchDoc with Res2 from Miscellaneous Devices.IntLib
Replace Part R6 Res2 in C:\Users\Public\Documents\Altium\project111\Sheet1.SchDoc with Res2 from Miscellaneous Devices.IntLib
Replace Part R7 Res2 in C:\Users\Public\Documents\Altium\project111\Sheet1.SchDoc with Res2 from Miscellaneous Devices.IntLib
Replace Part R8 Res2 in C:\Users\Public\Documents\Altium\project111\Sheet1.SchDoc with Res2 from Miscellaneous Devices.IntLib
Replace Part RP5 Res2 in C:\Users\Public\Documents\Altium\project111\Sheet1.SchDoc with Res2 from Miscellaneous Devices.IntLib
Replace Part RX1 LED2 in C:\Users\Public\Documents\Altium\project111\Sheet1.SchDoc with LED2 from Miscellaneous Devices.IntLib
Replace Part SW1 SW-PB in C:\Users\Public\Documents\Altium\project111\Sheet1.SchDoc with SW-PB from Miscellaneous Devices.IntLib
Replace Part TX1 LED2 in C:\Users\Public\Documents\Altium\project111\Sheet1.SchDoc with LED2 from Miscellaneous Devices.IntLib
Replace Part Y1 XTAL in C:\Users\Public\Documents\Altium\project111\Sheet1.SchDoc with XTAL from Miscellaneous Devices.IntLib
